current directory: /Users/141421356u/environment/sample_app/vendor/bundle/ruby/3.2.0/gems/pg-0.20.0/ext
/Users/141421356u/.rbenv/versions/3.2.8/bin/ruby extconf.rb
checking for pg_config... yes
Using config values from /opt/homebrew/bin/pg_config
checking for libpq-fe.h... yes
checking for libpq/libpq-fs.h... yes
checking for pg_config_manual.h... yes
checking for PQconnectdb() in -lpq... yes
checking for PQconnectionUsedPassword()... yes
checking for PQisthreadsafe()... yes
checking for PQprepare()... yes
checking for PQexecParams()... yes
checking for PQescapeString()... yes
checking for PQescapeStringConn()... yes
checking for PQescapeLiteral()... yes
checking for PQescapeIdentifier()... yes
checking for PQgetCancel()... yes
checking for lo_create()... yes
checking for pg_encoding_to_char()... yes
checking for pg_char_to_encoding()... yes
checking for PQsetClientEncoding()... yes
checking for PQlibVersion()... yes
checking for PQping()... yes
checking for PQsetSingleRowMode()... yes
checking for PQconninfo()... yes
checking for PQsslAttribute()... yes
checking for rb_encdb_alias()... yes
checking for rb_enc_alias()... yes
checking for rb_thread_call_without_gvl()... yes
checking for rb_thread_call_with_gvl()... yes
checking for rb_thread_fd_select()... yes
checking for rb_w32_wrap_io_handle()... no
checking for rb_str_modify_expand()... yes
checking for rb_hash_dup()... yes
checking for PGRES_COPY_BOTH in libpq-fe.h... yes
checking for PGRES_SINGLE_TUPLE in libpq-fe.h... yes
checking for PG_DIAG_TABLE_NAME in libpq-fe.h... yes
checking for struct pgNotify.extra in libpq-fe.h... yes
checking for unistd.h... yes
checking for inttypes.h... yes
checking for ruby/st.h... yes
checking for C99 variable length arrays... yes
creating extconf.h
creating Makefile

current directory: /Users/141421356u/environment/sample_app/vendor/bundle/ruby/3.2.0/gems/pg-0.20.0/ext
make DESTDIR\= sitearchdir\=./.gem.20250806-5057-9kc9ux sitelibdir\=./.gem.20250806-5057-9kc9ux clean

current directory: /Users/141421356u/environment/sample_app/vendor/bundle/ruby/3.2.0/gems/pg-0.20.0/ext
make DESTDIR\= sitearchdir\=./.gem.20250806-5057-9kc9ux sitelibdir\=./.gem.20250806-5057-9kc9ux
compiling gvl_wrappers.c
In file included from gvl_wrappers.c:6:
In file included from ./pg.h:132:
/opt/homebrew/include/postgresql@14/pg_config_manual.h:68:5: warning: 'SIZEOF_VOID_P' is not defined, evaluates to 0 [-Wundef]
   68 | #if SIZEOF_VOID_P >= 8
      |     ^
/opt/homebrew/include/postgresql@14/pg_config_manual.h:151:5: warning: 'HAVE_DECL_POSIX_FADVISE' is not defined, evaluates to 0 [-Wundef]
  151 | #if HAVE_DECL_POSIX_FADVISE && defined(HAVE_POSIX_FADVISE)
      |     ^
2 warnings generated.
compiling pg.c
In file included from pg.c:49:
In file included from ./pg.h:132:
/opt/homebrew/include/postgresql@14/pg_config_manual.h:68:5: warning: 'SIZEOF_VOID_P' is not defined, evaluates to 0 [-Wundef]
   68 | #if SIZEOF_VOID_P >= 8
      |     ^
/opt/homebrew/include/postgresql@14/pg_config_manual.h:151:5: warning: 'HAVE_DECL_POSIX_FADVISE' is not defined, evaluates to 0 [-Wundef]
  151 | #if HAVE_DECL_POSIX_FADVISE && defined(HAVE_POSIX_FADVISE)
      |     ^
2 warnings generated.
compiling pg_binary_decoder.c
In file included from pg_binary_decoder.c:7:
In file included from ./pg.h:132:
/opt/homebrew/include/postgresql@14/pg_config_manual.h:68:5: warning: 'SIZEOF_VOID_P' is not defined, evaluates to 0 [-Wundef]
   68 | #if SIZEOF_VOID_P >= 8
      |     ^
/opt/homebrew/include/postgresql@14/pg_config_manual.h:151:5: warning: 'HAVE_DECL_POSIX_FADVISE' is not defined, evaluates to 0 [-Wundef]
  151 | #if HAVE_DECL_POSIX_FADVISE && defined(HAVE_POSIX_FADVISE)
      |     ^
pg_binary_decoder.c:97:8: error: call to undeclared function 'rb_tainted_str_new'; ISO C99 and later do not support implicit function declarations [-Wimplicit-function-declaration]
   97 |         ret = rb_tainted_str_new( val, len );
      |               ^
pg_binary_decoder.c:115:20: error: call to undeclared function 'rb_tainted_str_new'; ISO C99 and later do not support implicit function declarations [-Wimplicit-function-declaration]
  115 |         VALUE out_value = rb_tainted_str_new(NULL, encoded_len);
      |                           ^
2 warnings and 2 errors generated.
make: *** [pg_binary_decoder.o] Error 1

make failed, exit code 2
